build/app/outputs/mapping/release/seeds.txt
com.example.totel.MainActivity
com.example.totel.MainActivity: MainActivity()
...
androidx.lifecycle.LegacySavedStateHandleController$1
androidx.window.embedding.EmbeddingBackend
androidx.activity.ComponentActivity$4
androidx.window.embedding.ExtensionEmbeddingBackend$EmbeddingCallbackImpl
androidx.window.core.Version$bigInteger$2
androidx.window.embedding.EmbeddingInterfaceCompat
androidx.window.layout.WindowMetricsCalculatorDecorator
androidx.window.layout.SidecarAdapter$Companion
io.flutter.plugins.GeneratedPluginRegistrant
io.flutter.view.AccessibilityViewEmbedder
androidx.activity.ComponentActivity$3
androidx.window.layout.EmptyDecorator
androidx.window.layout.HardwareFoldingFeature$Type
androidx.window.layout.SidecarCompat$DistinctSidecarElementCallback
androidx.window.layout.WindowInfoTrackerImpl
androidx.window.embedding.ExtensionEmbeddingBackend$SplitListenerWrapper
androidx.window.layout.HardwareFoldingFeature$Type$Companion
androidx.lifecycle.LiveData$LifecycleBoundObserver
androidx.window.embedding.SplitRuleParser
androidx.window.layout.FoldingFeature$State
androidx.versionedparcelable.ParcelImpl
androidx.window.embedding.SplitController$Companion
io.flutter.embedding.engine.FlutterOverlaySurface
androidx.window.embedding.EmbeddingCompat$Companion
androidx.window.layout.WindowLayoutInfo
androidx.window.embedding.EmptyEmbeddingComponent
androidx.window.layout.ExtensionsWindowLayoutInfoAdapter
androidx.window.embedding.EmbeddingCompat
androidx.window.core.Version$Companion
io.flutter.plugin.editing.ImeSyncDeferringInsetsCallback
androidx.lifecycle.CompositeGeneratedAdaptersObserver
androidx.window.R$styleable
androidx.window.java.layout.WindowInfoTrackerCallbackAdapter
androidx.window.layout.WindowInfoTrackerImpl$windowLayoutInfo$1
android.support.v4.app.RemoteActionCompatParcelizer
androidx.window.layout.SidecarAdapter
androidx.window.layout.FoldingFeature$State$Companion
androidx.window.embedding.ActivityFilter
kotlinx.coroutines.internal.StackTraceRecoveryKt
androidx.lifecycle.SavedStateHandleController
androidx.activity.ImmLeaksCleaner
androidx.window.embedding.SplitRule$Api30Impl
androidx.window.layout.WindowMetrics
androidx.window.layout.SidecarWindowBackend
androidx.lifecycle.SavedStateHandleAttacher
androidx.window.layout.WindowMetricsCalculator$Companion
androidx.window.embedding.ActivityRule
androidx.window.layout.WindowMetricsCalculator$Companion$decorator$1
androidx.core.graphics.drawable.IconCompat
androidx.window.layout.HardwareFoldingFeature
androidx.window.layout.FoldingFeature$OcclusionType
androidx.window.java.layout.WindowInfoTrackerCallbackAdapter$addListener$1$1$invokeSuspend$$inlined$collect$1
io.flutter.view.FlutterCallbackInformation
androidx.lifecycle.SingleGeneratedAdapterObserver
androidx.versionedparcelable.CustomVersionedParcelable
androidx.core.app.RemoteActionCompat
kotlin.internal.jdk7.JDK7PlatformImplementations
androidx.window.R$id
androidx.window.layout.SidecarWindowBackend$ExtensionListenerImpl
io.flutter.embedding.android.FlutterSplashView$SavedState
androidx.window.layout.SidecarWindowBackend$WindowLayoutChangeCallbackWrapper
io.flutter.plugins.imagepicker.ImagePickerFileProvider
androidx.lifecycle.ReflectiveGenericLifecycleObserver
io.flutter.embedding.engine.mutatorsstack.FlutterMutatorsStack
androidx.window.layout.WindowBackend
androidx.window.layout.SidecarCompat
androidx.window.embedding.SplitPairFilter
androidx.window.layout.FoldingFeature$Orientation$Companion
kotlinx.coroutines.android.AndroidExceptionPreHandler
androidx.window.core.Bounds
io.flutter.embedding.engine.renderer.SurfaceTextureWrapper
androidx.window.layout.WindowMetricsCalculatorCompat
androidx.window.layout.WindowMetricsCalculator$Companion$overrideDecorator$1
io.flutter.plugins.imagepicker.ImagePickerPlugin$LifeCycleObserver
androidx.window.core.ExperimentalWindowApi
io.flutter.embedding.engine.FlutterJNI
io.flutter.plugin.editing.ImeSyncDeferringInsetsCallback$AnimationCallback
androidx.window.layout.SidecarCompat$DistinctElementCallback