build/app/outputs/mapping/release/mapping.txt
# compiler: R8
# compiler_version: 3.2.47
# min_api: 16
# common_typos_disable
# {"id":"com.android.tools.r8.mapping","version":"2.0"}
# pg_map_id: b47b050
# pg_map_hash: SHA-256 b47b050cde0dc2dc844bea0536475b59770b3b7c30749c6b73a6021582f71e21
...
k0.Messages$PathProviderApi$$ExternalSyntheticLambda3 -> k0.d:
# {"id":"sourceFile","fileName":"R8$$SyntheticClass"}
# {"id":"com.android.tools.r8.synthesized"}
    io.flutter.plugins.pathprovider.Messages$PathProviderApi io.flutter.plugins.pathprovider.Messages$PathProviderApi$$InternalSyntheticLambda$1$3b37b83339974dd347b68fe5b235e9d3690f45e922a8888479de9ed059ddddbd$3.f$0 -> a
    void io.flutter.plugins.pathprovider.Messages$PathProviderApi$$InternalSyntheticLambda$1$3b37b83339974dd347b68fe5b235e9d3690f45e922a8888479de9ed059ddddbd$3.<init>(io.flutter.plugins.pathprovider.Messages$PathProviderApi) -> <init>
      # {"id":"com.android.tools.r8.synthesized"}
    void io.flutter.plugins.pathprovider.Messages$PathProviderApi$$InternalSyntheticLambda$1$3b37b83339974dd347b68fe5b235e9d3690f45e922a8888479de9ed059ddddbd$3.onMessage(java.lang.Object,io.flutter.plugin.common.BasicMessageChannel$Reply) -> a
      # {"id":"com.android.tools.r8.synthesized"}
k0.Messages$PathProviderApi$$ExternalSyntheticLambda4 -> k0.e:
# {"id":"sourceFile","fileName":"R8$$SyntheticClass"}
# {"id":"com.android.tools.r8.synthesized"}
    io.flutter.plugins.pathprovider.Messages$PathProviderApi io.flutter.plugins.pathprovider.Messages$PathProviderApi$$InternalSyntheticLambda$1$3b37b83339974dd347b68fe5b235e9d3690f45e922a8888479de9ed059ddddbd$4.f$0 -> a
    void io.flutter.plugins.pathprovider.Messages$PathProviderApi$$InternalSyntheticLambda$1$3b37b83339974dd347b68fe5b235e9d3690f45e922a8888479de9ed059ddddbd$4.<init>(io.flutter.plugins.pathprovider.Messages$PathProviderApi) -> <init>
      # {"id":"com.android.tools.r8.synthesized"}
    void io.flutter.plugins.pathprovider.Messages$PathProviderApi$$InternalSyntheticLambda$1$3b37b83339974dd347b68fe5b235e9d3690f45e922a8888479de9ed059ddddbd$4.onMessage(java.lang.Object,io.flutter.plugin.common.BasicMessageChannel$Reply) -> a
      # {"id":"com.android.tools.r8.synthesized"}
k0.Messages$PathProviderApi$$ExternalSyntheticLambda5 -> k0.f:
# {"id":"sourceFile","fileName":"R8$$SyntheticClass"}
# {"id":"com.android.tools.r8.synthesized"}
    io.flutter.plugins.pathprovider.Messages$PathProviderApi io.flutter.plugins.pathprovider.Messages$PathProviderApi$$InternalSyntheticLambda$1$3b37b83339974dd347b68fe5b235e9d3690f45e922a8888479de9ed059ddddbd$5.f$0 -> a
    void io.flutter.plugins.pathprovider.Messages$PathProviderApi$$InternalSyntheticLambda$1$3b37b83339974dd347b68fe5b235e9d3690f45e922a8888479de9ed059ddddbd$5.<init>(io.flutter.plugins.pathprovider.Messages$PathProviderApi) -> <init>
      # {"id":"com.android.tools.r8.synthesized"}
    void io.flutter.plugins.pathprovider.Messages$PathProviderApi$$InternalSyntheticLambda$1$3b37b83339974dd347b68fe5b235e9d3690f45e922a8888479de9ed059ddddbd$5.onMessage(java.lang.Object,io.flutter.plugin.common.BasicMessageChannel$Reply) -> a
      # {"id":"com.android.tools.r8.synthesized"}
kotlin.ExceptionsKt -> n0.a:
    void addSuppressed(java.lang.Throwable,java.lang.Throwable) -> a
      # {"id":"com.android.tools.r8.synthesized"}
kotlin.ExceptionsKt__ExceptionsKt -> n0.b:
    void addSuppressed(java.lang.Throwable,java.lang.Throwable) -> a
kotlin.Function -> n0.c:
kotlin.KotlinNothingValueException -> n0.d:
kotlin.Lazy -> n0.e:
kotlin.LazyKt -> n0.f:
    kotlin.Lazy lazy(kotlin.jvm.functions.Function0) -> a
      # {"id":"com.android.tools.r8.synthesized"}
kotlin.LazyKt__LazyJVMKt -> n0.g:
    kotlin.Lazy lazy(kotlin.jvm.functions.Function0) -> a
kotlin.LazyKt__LazyKt -> n0.h:
kotlin.NoWhenBranchMatchedException -> n0.i:
kotlin.Pair -> n0.j:
    java.lang.Object first -> d
    java.lang.Object second -> e
    java.lang.Object component1() -> a
    java.lang.Object component2() -> b
    java.lang.Object getFirst() -> c
    java.lang.Object getSecond() -> d