build/app/outputs/mapping/release/usage.txt
com.example.totel.BuildConfig
com.example.totel.R$attr
com.example.totel.R$color
com.example.totel.R$dimen
com.example.totel.R$drawable
com.example.totel.R$id
com.example.totel.R$integer
com.example.totel.R$layout
com.example.totel.R$mipmap
com.example.totel.R$string
com.example.totel.R$style
com.example.totel.R$styleable
com.example.totel.R$xml
com.example.totel.R
...
net.jonhanson.flutter_native_splash.R$styleable
net.jonhanson.flutter_native_splash.R
org.intellij.lang.annotations.Flow
org.intellij.lang.annotations.Identifier
org.intellij.lang.annotations.JdkConstants$AdjustableOrientation
org.intellij.lang.annotations.JdkConstants$BoxLayoutAxis
org.intellij.lang.annotations.JdkConstants$CalendarMonth
org.intellij.lang.annotations.JdkConstants$CursorType
org.intellij.lang.annotations.JdkConstants$FlowLayoutAlignment
org.intellij.lang.annotations.JdkConstants$FontStyle
org.intellij.lang.annotations.JdkConstants$HorizontalAlignment
org.intellij.lang.annotations.JdkConstants$InputEventMask
org.intellij.lang.annotations.JdkConstants$ListSelectionMode
org.intellij.lang.annotations.JdkConstants$PatternFlags
org.intellij.lang.annotations.JdkConstants$TabLayoutPolicy
org.intellij.lang.annotations.JdkConstants$TabPlacement
org.intellij.lang.annotations.JdkConstants$TitledBorderJustification
org.intellij.lang.annotations.JdkConstants$TitledBorderTitlePosition
org.intellij.lang.annotations.JdkConstants$TreeSelectionMode
org.intellij.lang.annotations.JdkConstants
org.intellij.lang.annotations.Language
org.intellij.lang.annotations.MagicConstant
org.intellij.lang.annotations.Pattern
org.intellij.lang.annotations.PrintFormat
org.intellij.lang.annotations.PrintFormatPattern
org.intellij.lang.annotations.RegExp
org.intellij.lang.annotations.Subst
org.jetbrains.annotations.Contract
org.jetbrains.annotations.Nls
org.jetbrains.annotations.NonNls
org.jetbrains.annotations.NotNull
org.jetbrains.annotations.Nullable
org.jetbrains.annotations.PropertyKey
org.jetbrains.annotations.TestOnly
androidx.core.view.MenuProvider$-CC
androidx.fragment.app.Fragment$2:
    final synthetic androidx.fragment.app.Fragment this$0
androidx.fragment.app.Fragment
androidx.lifecycle.DefaultLifecycleObserver$-CC
androidx.lifecycle.DefaultLifecycleObserver:
    public abstract void onCreate(androidx.lifecycle.LifecycleOwner)
    public abstract void onDestroy(androidx.lifecycle.LifecycleOwner)
    public abstract void onPause(androidx.lifecycle.LifecycleOwner)
    public abstract void onResume(androidx.lifecycle.LifecycleOwner)
    public abstract void onStart(androidx.lifecycle.LifecycleOwner)
    public abstract void onStop(androidx.lifecycle.LifecycleOwner)
androidx.lifecycle.HasDefaultViewModelProviderFactory$-CC
androidx.lifecycle.ViewModelProvider$Factory$-CC:
    public static androidx.lifecycle.ViewModel $default$create(androidx.lifecycle.ViewModelProvider$Factory,java.lang.Class,androidx.lifecycle.viewmodel.CreationExtras)
androidx.lifecycle.ViewModelProvider$NewInstanceFactory:
    public synthetic androidx.lifecycle.ViewModel create(java.lang.Class,androidx.lifecycle.viewmodel.CreationExtras)
io.flutter.Log:
    public static int ASSERT
    public static int DEBUG
    public static int ERROR
    public static int INFO
    public static int VERBOSE
    public static int WARN
    private static int logLevel
io.flutter.embedding.engine.FlutterEngineConnectionRegistry$FlutterEngineBroadcastReceiverPluginBinding
io.flutter.embedding.engine.FlutterEngineConnectionRegistry$FlutterEngineContentProviderPluginBinding
io.flutter.embedding.engine.FlutterEngineConnectionRegistry$FlutterEngineServicePluginBinding
io.flutter.embedding.engine.FlutterEngineConnectionRegistry:
    private io.flutter.embedding.engine.FlutterEngineConnectionRegistry$FlutterEngineBroadcastReceiverPluginBinding broadcastReceiverPluginBinding
    private io.flutter.embedding.engine.FlutterEngineConnectionRegistry$FlutterEngineContentProviderPluginBinding contentProviderPluginBinding
    private io.flutter.embedding.engine.FlutterEngineConnectionRegistry$FlutterEngineServicePluginBinding servicePluginBinding
io.flutter.embedding.engine.loader.ResourceExtractor:
    void waitForCompletion()